Using pre-set license
Built from '2020.3/staging' branch; Version is '2020.3.6f1 (338bb68529b2) revision 3378102'; Using compiler version '192528614'; Build Type 'Release'
OS: 'Windows 10 Pro; OS build 19042.985; Version 2009; 64bit' Language: 'pt' Physical Memory: 32606 MB
BatchMode: 1, IsHumanControllingUs: 0, StartBugReporterOnCrash: 0, Is64bit: 1, IsPro: 0

 COMMAND LINE ARGUMENTS:
C:\Program Files\Unity\Hub\Editor\2020.3.6f1\Editor\Unity.exe
-adb2
-batchMode
-noUpm
-name
AssetImportWorker0
-projectPath
C:/UEA-EST/Projetos/The-Mark-Of-The-Lifestar
-logFile
Logs/AssetImportWorker0.log
-srvPort
57198
Successfully changed project path to: C:/UEA-EST/Projetos/The-Mark-Of-The-Lifestar
C:/UEA-EST/Projetos/The-Mark-Of-The-Lifestar
Using Asset Import Pipeline V2.
Refreshing native plugins compatible for Editor in 44.85 ms, found 1 plugins.
Preloading 0 native plugins for Editor in 0.00 ms.
Initialize engine version: 2020.3.6f1 (338bb68529b2)
[Subsystems] Discovering subsystems at path C:/Program Files/Unity/Hub/Editor/2020.3.6f1/Editor/Data/Resources/UnitySubsystems
[Subsystems] Discovering subsystems at path C:/UEA-EST/Projetos/The-Mark-Of-The-Lifestar/Assets
GfxDevice: creating device client; threaded=0
Direct3D:
    Version:  Direct3D 11.0 [level 11.1]
    Renderer: NVIDIA GeForce GTX 1650 Ti (ID=0x1f95)
    Vendor:   
    VRAM:     3962 MB
    Driver:   27.21.14.6156
Initialize mono
Mono path[0] = 'C:/Program Files/Unity/Hub/Editor/2020.3.6f1/Editor/Data/Managed'
Mono path[1] = 'C:/Program Files/Unity/Hub/Editor/2020.3.6f1/Editor/Data/MonoBleedingEdge/lib/mono/unityjit'
Mono config path = 'C:/Program Files/Unity/Hub/Editor/2020.3.6f1/Editor/Data/MonoBleedingEdge/etc'
Using monoOptions --debugger-agent=transport=dt_socket,embedding=1,server=y,suspend=n,address=127.0.0.1:56252
Begin MonoManager ReloadAssembly
Registering precompiled unity dll's ...
Register platform support module: C:/Program Files/Unity/Hub/Editor/2020.3.6f1/Editor/Data/PlaybackEngines/WindowsStandaloneSupport/UnityEditor.WindowsStandalone.Extensions.dll
Registered in 0.001875 seconds.
Native extension for WindowsStandalone target not found
Refreshing native plugins compatible for Editor in 40.15 ms, found 1 plugins.
Preloading 0 native plugins for Editor in 0.00 ms.
Mono: successfully reloaded assembly
- Completed reload, in  2.037 seconds
Platform modules already initialized, skipping
Registering precompiled user dll's ...
Registered in 0.000996 seconds.
Begin MonoManager ReloadAssembly
Native extension for WindowsStandalone target not found
Refreshing native plugins compatible for Editor in 42.53 ms, found 1 plugins.
Preloading 0 native plugins for Editor in 0.00 ms.
Mono: successfully reloaded assembly
- Completed reload, in  0.914 seconds
Platform modules already initialized, skipping
========================================================================
Worker process is ready to serve import requests
Launched and connected shader compiler UnityShaderCompiler.exe after 0.05 seconds
Refreshing native plugins compatible for Editor in 0.39 ms, found 1 plugins.
Preloading 0 native plugins for Editor in 0.00 ms.
Unloading 2263 Unused Serialized files (Serialized files now loaded: 0)
System memory in use before: 100.6 MB.
System memory in use after: 100.6 MB.

Unloading 22 unused Assets to reduce memory usage. Loaded Objects now: 2712.
Total: 2.101700 ms (FindLiveObjects: 0.275300 ms CreateObjectMapping: 0.141300 ms MarkObjects: 1.631300 ms  DeleteObjects: 0.053000 ms)

========================================================================
Received Import Request.
  path: Assets/Animation/Player/PlayerWarrior.controller
  artifactKey: Guid(c125c8d510303da4d95b5561eaada478) Importer(815301076,1909f56bfc062723c751e8b465ee728b)
Start importing Assets/Animation/Player/PlayerWarrior.controller using Guid(c125c8d510303da4d95b5561eaada478) Importer(815301076,1909f56bfc062723c751e8b465ee728b)  -> (artifact id: '70a5bbb8ebb3bbebd335486a0fde881b') in 0.054902 seconds
  Import took 0.058223 seconds .

========================================================================
Received Prepare
Registering precompiled user dll's ...
Registered in 0.000891 seconds.
Begin MonoManager ReloadAssembly
Native extension for WindowsStandalone target not found
Refreshing native plugins compatible for Editor in 0.42 ms, found 1 plugins.
Preloading 0 native plugins for Editor in 0.00 ms.
Mono: successfully reloaded assembly
- Completed reload, in  0.771 seconds
Platform modules already initialized, skipping
Refreshing native plugins compatible for Editor in 0.39 ms, found 1 plugins.
Preloading 0 native plugins for Editor in 0.00 ms.
Unloading 2252 Unused Serialized files (Serialized files now loaded: 0)
System memory in use before: 100.3 MB.
System memory in use after: 100.4 MB.

Unloading 10 unused Assets to reduce memory usage. Loaded Objects now: 2715.
Total: 2.214700 ms (FindLiveObjects: 0.300100 ms CreateObjectMapping: 0.163000 ms MarkObjects: 1.735100 ms  DeleteObjects: 0.015500 ms)

========================================================================
Received Import Request.
  Time since last request: 141.246834 seconds.
  path: Assets/Prefabs/Player.prefab
  artifactKey: Guid(df571a123cac70948a1012d1904aaa23) Importer(815301076,1909f56bfc062723c751e8b465ee728b)
Start importing Assets/Prefabs/Player.prefab using Guid(df571a123cac70948a1012d1904aaa23) Importer(815301076,1909f56bfc062723c751e8b465ee728b)  -> (artifact id: 'd05051049d82dc99f8a07f8d2657003e') in 0.076130 seconds
  Import took 0.080722 seconds .

========================================================================
Received Import Request.
  Time since last request: 0.000170 seconds.
  path: Assets/Prefabs/PlayerWarrior.prefab
  artifactKey: Guid(81907a739283e444c95e3be1b3e0ae7a) Importer(815301076,1909f56bfc062723c751e8b465ee728b)
Start importing Assets/Prefabs/PlayerWarrior.prefab using Guid(81907a739283e444c95e3be1b3e0ae7a) Importer(815301076,1909f56bfc062723c751e8b465ee728b)  -> (artifact id: '426901f1c4605bc618f1f9458038433b') in 0.024948 seconds
  Import took 0.028279 seconds .

========================================================================
Received Import Request.
  Time since last request: 0.002601 seconds.
  path: Assets/Prefabs/PlayerWarrior.prefab
  artifactKey: Guid(81907a739283e444c95e3be1b3e0ae7a) Importer(815301076,1909f56bfc062723c751e8b465ee728b)
Start importing Assets/Prefabs/PlayerWarrior.prefab using Guid(81907a739283e444c95e3be1b3e0ae7a) Importer(815301076,1909f56bfc062723c751e8b465ee728b)  -> (artifact id: '426901f1c4605bc618f1f9458038433b') in 0.015687 seconds
  Import took 0.019583 seconds .

========================================================================
Received Import Request.
  Time since last request: 1.598035 seconds.
  path: Assets/Materials/PlayerMaterial.physicsMaterial2D
  artifactKey: Guid(f10becd105e224b41ab0354ee57ab01e) Importer(815301076,1909f56bfc062723c751e8b465ee728b)
Start importing Assets/Materials/PlayerMaterial.physicsMaterial2D using Guid(f10becd105e224b41ab0354ee57ab01e) Importer(815301076,1909f56bfc062723c751e8b465ee728b)  -> (artifact id: 'c63b831eaf793d28ffc91d281c3c8a62') in 0.004579 seconds
  Import took 0.007583 seconds .

========================================================================
Received Import Request.
  Time since last request: 2.280040 seconds.
  path: Assets/Animation/Player
  artifactKey: Guid(1853c65d2b6183545a7ddcfc23bcd9dd) Importer(815301076,1909f56bfc062723c751e8b465ee728b)
Start importing Assets/Animation/Player using Guid(1853c65d2b6183545a7ddcfc23bcd9dd) Importer(815301076,1909f56bfc062723c751e8b465ee728b)  -> (artifact id: 'df5b806e7bbf1d5970f3283ff146c99f') in 0.002132 seconds
  Import took 0.005942 seconds .

========================================================================
Received Import Request.
  Time since last request: 1.102704 seconds.
  path: Assets/Animation/Player/p_death.anim
  artifactKey: Guid(d64d7d794a12ed24d87acf3b151ae9b7) Importer(815301076,1909f56bfc062723c751e8b465ee728b)
Start importing Assets/Animation/Player/p_death.anim using Guid(d64d7d794a12ed24d87acf3b151ae9b7) Importer(815301076,1909f56bfc062723c751e8b465ee728b)  -> (artifact id: '2ed2cc0ad9a905f3d2f70e95ed88a0ca') in 0.005370 seconds
  Import took 0.009148 seconds .

========================================================================
Received Import Request.
  Time since last request: 0.007316 seconds.
  path: Assets/Animation/Player/p_death.anim
  artifactKey: Guid(d64d7d794a12ed24d87acf3b151ae9b7) Importer(815301076,1909f56bfc062723c751e8b465ee728b)
Start importing Assets/Animation/Player/p_death.anim using Guid(d64d7d794a12ed24d87acf3b151ae9b7) Importer(815301076,1909f56bfc062723c751e8b465ee728b)  -> (artifact id: '2ed2cc0ad9a905f3d2f70e95ed88a0ca') in 0.002904 seconds
  Import took 0.006527 seconds .

========================================================================
Received Import Request.
  Time since last request: 0.604742 seconds.
  path: Assets/Animation/Player/p_fall.anim
  artifactKey: Guid(070cd3b106a977349a30ad3fc44cd596) Importer(815301076,1909f56bfc062723c751e8b465ee728b)
Start importing Assets/Animation/Player/p_fall.anim using Guid(070cd3b106a977349a30ad3fc44cd596) Importer(815301076,1909f56bfc062723c751e8b465ee728b)  -> (artifact id: 'ae3e53bc8c676c2897e524f532e51de3') in 0.002612 seconds
  Import took 0.006655 seconds .

========================================================================
Received Import Request.
  Time since last request: 0.006712 seconds.
  path: Assets/Animation/Player/p_fall.anim
  artifactKey: Guid(070cd3b106a977349a30ad3fc44cd596) Importer(815301076,1909f56bfc062723c751e8b465ee728b)
Start importing Assets/Animation/Player/p_fall.anim using Guid(070cd3b106a977349a30ad3fc44cd596) Importer(815301076,1909f56bfc062723c751e8b465ee728b)  -> (artifact id: 'ae3e53bc8c676c2897e524f532e51de3') in 0.002668 seconds
  Import took 0.006354 seconds .

========================================================================
Received Import Request.
  Time since last request: 0.603308 seconds.
  path: Assets/Animation/Player/p_hurt.anim
  artifactKey: Guid(898d9fad7a08f5541a2abdd4ffea9a54) Importer(815301076,1909f56bfc062723c751e8b465ee728b)
Start importing Assets/Animation/Player/p_hurt.anim using Guid(898d9fad7a08f5541a2abdd4ffea9a54) Importer(815301076,1909f56bfc062723c751e8b465ee728b)  -> (artifact id: 'ff59e02933354396093f40cdaf48d556') in 0.003662 seconds
  Import took 0.008539 seconds .

========================================================================
Received Import Request.
  Time since last request: 0.005850 seconds.
  path: Assets/Animation/Player/p_hurt.anim
  artifactKey: Guid(898d9fad7a08f5541a2abdd4ffea9a54) Importer(815301076,1909f56bfc062723c751e8b465ee728b)
Start importing Assets/Animation/Player/p_hurt.anim using Guid(898d9fad7a08f5541a2abdd4ffea9a54) Importer(815301076,1909f56bfc062723c751e8b465ee728b)  -> (artifact id: 'ff59e02933354396093f40cdaf48d556') in 0.003528 seconds
  Import took 0.007449 seconds .

========================================================================
Received Import Request.
  Time since last request: 1.882350 seconds.
  path: Assets/Animation/Player/p_jump_to_fall.anim
  artifactKey: Guid(5b6adf6d325a212478c94b935a73af27) Importer(815301076,1909f56bfc062723c751e8b465ee728b)
Start importing Assets/Animation/Player/p_jump_to_fall.anim using Guid(5b6adf6d325a212478c94b935a73af27) Importer(815301076,1909f56bfc062723c751e8b465ee728b)  -> (artifact id: '52192a6c230656a7736cf00955af2595') in 0.002982 seconds
  Import took 0.006510 seconds .

========================================================================
Received Import Request.
  Time since last request: 0.007590 seconds.
  path: Assets/Animation/Player/p_jump_to_fall.anim
  artifactKey: Guid(5b6adf6d325a212478c94b935a73af27) Importer(815301076,1909f56bfc062723c751e8b465ee728b)
Start importing Assets/Animation/Player/p_jump_to_fall.anim using Guid(5b6adf6d325a212478c94b935a73af27) Importer(815301076,1909f56bfc062723c751e8b465ee728b)  -> (artifact id: '52192a6c230656a7736cf00955af2595') in 0.002229 seconds
  Import took 0.005666 seconds .

========================================================================
Received Prepare
Registering precompiled user dll's ...
Registered in 0.000974 seconds.
Begin MonoManager ReloadAssembly
Native extension for WindowsStandalone target not found
Refreshing native plugins compatible for Editor in 0.51 ms, found 1 plugins.
Preloading 0 native plugins for Editor in 0.00 ms.
Mono: successfully reloaded assembly
- Completed reload, in  0.803 seconds
Platform modules already initialized, skipping
Refreshing native plugins compatible for Editor in 0.40 ms, found 1 plugins.
Preloading 0 native plugins for Editor in 0.00 ms.
Unloading 2252 Unused Serialized files (Serialized files now loaded: 0)
System memory in use before: 103.3 MB.
System memory in use after: 103.4 MB.

Unloading 10 unused Assets to reduce memory usage. Loaded Objects now: 2725.
Total: 7.082300 ms (FindLiveObjects: 0.584400 ms CreateObjectMapping: 0.347300 ms MarkObjects: 6.093100 ms  DeleteObjects: 0.054400 ms)

========================================================================
Received Prepare
Registering precompiled user dll's ...
Registered in 0.001142 seconds.
Begin MonoManager ReloadAssembly
Native extension for WindowsStandalone target not found
Refreshing native plugins compatible for Editor in 0.40 ms, found 1 plugins.
Preloading 0 native plugins for Editor in 0.00 ms.
Mono: successfully reloaded assembly
- Completed reload, in  0.851 seconds
Platform modules already initialized, skipping
Refreshing native plugins compatible for Editor in 0.39 ms, found 1 plugins.
Preloading 0 native plugins for Editor in 0.00 ms.
Unloading 2252 Unused Serialized files (Serialized files now loaded: 0)
System memory in use before: 103.3 MB.
System memory in use after: 103.5 MB.

Unloading 10 unused Assets to reduce memory usage. Loaded Objects now: 2728.
Total: 2.018100 ms (FindLiveObjects: 0.237100 ms CreateObjectMapping: 0.107500 ms MarkObjects: 1.656500 ms  DeleteObjects: 0.015800 ms)

========================================================================
Received Prepare
Registering precompiled user dll's ...
Registered in 0.000974 seconds.
Begin MonoManager ReloadAssembly
Native extension for WindowsStandalone target not found
Refreshing native plugins compatible for Editor in 0.61 ms, found 1 plugins.
Preloading 0 native plugins for Editor in 0.00 ms.
Mono: successfully reloaded assembly
- Completed reload, in  0.847 seconds
Platform modules already initialized, skipping
Refreshing native plugins compatible for Editor in 0.51 ms, found 1 plugins.
Preloading 0 native plugins for Editor in 0.00 ms.
Unloading 2252 Unused Serialized files (Serialized files now loaded: 0)
System memory in use before: 103.3 MB.
System memory in use after: 103.5 MB.

Unloading 10 unused Assets to reduce memory usage. Loaded Objects now: 2731.
Total: 1.887000 ms (FindLiveObjects: 0.272600 ms CreateObjectMapping: 0.093400 ms MarkObjects: 1.506300 ms  DeleteObjects: 0.014000 ms)

========================================================================
Received Prepare
Registering precompiled user dll's ...
Registered in 0.000922 seconds.
Begin MonoManager ReloadAssembly
Native extension for WindowsStandalone target not found
Refreshing native plugins compatible for Editor in 0.69 ms, found 1 plugins.
Preloading 0 native plugins for Editor in 0.00 ms.
Mono: successfully reloaded assembly
- Completed reload, in  0.830 seconds
Platform modules already initialized, skipping
Refreshing native plugins compatible for Editor in 0.40 ms, found 1 plugins.
Preloading 0 native plugins for Editor in 0.00 ms.
Unloading 2252 Unused Serialized files (Serialized files now loaded: 0)
System memory in use before: 103.3 MB.
System memory in use after: 103.6 MB.

Unloading 10 unused Assets to reduce memory usage. Loaded Objects now: 2734.
Total: 2.017500 ms (FindLiveObjects: 0.283400 ms CreateObjectMapping: 0.105800 ms MarkObjects: 1.611800 ms  DeleteObjects: 0.015600 ms)

========================================================================
Received Import Request.
  Time since last request: 697.739422 seconds.
  path: Assets/Prefabs/Player.prefab
  artifactKey: Guid(df571a123cac70948a1012d1904aaa23) Importer(815301076,1909f56bfc062723c751e8b465ee728b)
Start importing Assets/Prefabs/Player.prefab using Guid(df571a123cac70948a1012d1904aaa23) Importer(815301076,1909f56bfc062723c751e8b465ee728b)  -> (artifact id: '4db0c524270431e74f384c10c4a26c0d') in 0.057645 seconds
  Import took 0.063027 seconds .

========================================================================
Received Import Request.
  Time since last request: 0.000290 seconds.
  path: Assets/Prefabs/PlayerWarrior.prefab
  artifactKey: Guid(81907a739283e444c95e3be1b3e0ae7a) Importer(815301076,1909f56bfc062723c751e8b465ee728b)
Start importing Assets/Prefabs/PlayerWarrior.prefab using Guid(81907a739283e444c95e3be1b3e0ae7a) Importer(815301076,1909f56bfc062723c751e8b465ee728b)  -> (artifact id: 'd29ea412a47f9a92c6a241d53b0b4f84') in 0.019685 seconds
  Import took 0.023488 seconds .

========================================================================
Received Import Request.
  Time since last request: 0.059969 seconds.
  path: Assets/Prefabs/Player.prefab
  artifactKey: Guid(df571a123cac70948a1012d1904aaa23) Importer(815301076,1909f56bfc062723c751e8b465ee728b)
Start importing Assets/Prefabs/Player.prefab using Guid(df571a123cac70948a1012d1904aaa23) Importer(815301076,1909f56bfc062723c751e8b465ee728b)  -> (artifact id: '4db0c524270431e74f384c10c4a26c0d') in 0.009118 seconds
  Import took 0.013117 seconds .

========================================================================
Received Prepare
Registering precompiled user dll's ...
Registered in 0.001461 seconds.
Begin MonoManager ReloadAssembly
Native extension for WindowsStandalone target not found
Refreshing native plugins compatible for Editor in 0.43 ms, found 1 plugins.
Preloading 0 native plugins for Editor in 0.00 ms.
Mono: successfully reloaded assembly
- Completed reload, in  0.829 seconds
Platform modules already initialized, skipping
Refreshing native plugins compatible for Editor in 0.39 ms, found 1 plugins.
Preloading 0 native plugins for Editor in 0.00 ms.
Unloading 2252 Unused Serialized files (Serialized files now loaded: 0)
System memory in use before: 103.4 MB.
System memory in use after: 103.6 MB.

Unloading 10 unused Assets to reduce memory usage. Loaded Objects now: 2738.
Total: 1.867400 ms (FindLiveObjects: 0.236700 ms CreateObjectMapping: 0.122300 ms MarkObjects: 1.494000 ms  DeleteObjects: 0.013200 ms)

========================================================================
Received Import Request.
  Time since last request: 168.486967 seconds.
  path: Assets/Prefabs/Player.prefab
  artifactKey: Guid(df571a123cac70948a1012d1904aaa23) Importer(815301076,1909f56bfc062723c751e8b465ee728b)
Start importing Assets/Prefabs/Player.prefab using Guid(df571a123cac70948a1012d1904aaa23) Importer(815301076,1909f56bfc062723c751e8b465ee728b)  -> (artifact id: '82662466a0a600c0e6ac04fdd620b2fe') in 0.050296 seconds
  Import took 0.053724 seconds .

========================================================================
Received Import Request.
  Time since last request: 0.000197 seconds.
  path: Assets/Prefabs/PlayerWarrior.prefab
  artifactKey: Guid(81907a739283e444c95e3be1b3e0ae7a) Importer(815301076,1909f56bfc062723c751e8b465ee728b)
Start importing Assets/Prefabs/PlayerWarrior.prefab using Guid(81907a739283e444c95e3be1b3e0ae7a) Importer(815301076,1909f56bfc062723c751e8b465ee728b)  -> (artifact id: 'ebe707284e405b521764e8d1fa304aaa') in 0.017832 seconds
  Import took 0.021841 seconds .

========================================================================
Received Import Request.
  Time since last request: 16.014500 seconds.
  path: Assets/Scripts/Interactible/HitReceiver.cs
  artifactKey: Guid(543e485b3f60be640a5adffd9a3a0740) Importer(815301076,1909f56bfc062723c751e8b465ee728b)
Start importing Assets/Scripts/Interactible/HitReceiver.cs using Guid(543e485b3f60be640a5adffd9a3a0740) Importer(815301076,1909f56bfc062723c751e8b465ee728b)  -> (artifact id: '09e7ed4f31fedfeeaa4f60f368216e01') in 0.013851 seconds
  Import took 0.017012 seconds .

========================================================================
Received Import Request.
  Time since last request: 59.626328 seconds.
  path: Assets/Scripts/Interactible/HitReceiver.cs
  artifactKey: Guid(543e485b3f60be640a5adffd9a3a0740) Importer(815301076,1909f56bfc062723c751e8b465ee728b)
Start importing Assets/Scripts/Interactible/HitReceiver.cs using Guid(543e485b3f60be640a5adffd9a3a0740) Importer(815301076,1909f56bfc062723c751e8b465ee728b)  -> (artifact id: '4e69e0727dbffeda856aa5beda898f8e') in 0.001852 seconds
  Import took 0.005538 seconds .

========================================================================
Received Import Request.
  Time since last request: 1.266379 seconds.
  path: Assets/Scripts/Interactible/Interfaces/IHitable.cs
  artifactKey: Guid(fb3bc7a3b02948c41aee7d25a4ec666d) Importer(815301076,1909f56bfc062723c751e8b465ee728b)
Start importing Assets/Scripts/Interactible/Interfaces/IHitable.cs using Guid(fb3bc7a3b02948c41aee7d25a4ec666d) Importer(815301076,1909f56bfc062723c751e8b465ee728b)  -> (artifact id: 'f3dcdc6e7727f765339c9fe2e8e8ea49') in 0.002357 seconds
  Import took 0.007412 seconds .

========================================================================
Received Import Request.
  Time since last request: 0.001315 seconds.
  path: Assets/Scripts/Interactible/Interfaces/IHitable.cs
  artifactKey: Guid(fb3bc7a3b02948c41aee7d25a4ec666d) Importer(815301076,1909f56bfc062723c751e8b465ee728b)
Start importing Assets/Scripts/Interactible/Interfaces/IHitable.cs using Guid(fb3bc7a3b02948c41aee7d25a4ec666d) Importer(815301076,1909f56bfc062723c751e8b465ee728b)  -> (artifact id: 'f3dcdc6e7727f765339c9fe2e8e8ea49') in 0.001733 seconds
  Import took 0.004878 seconds .

========================================================================
Received Import Request.
  Time since last request: 6.493438 seconds.
  path: Assets/Scripts/Interactible/Interfaces/IHitable.cs
  artifactKey: Guid(fb3bc7a3b02948c41aee7d25a4ec666d) Importer(815301076,1909f56bfc062723c751e8b465ee728b)
Start importing Assets/Scripts/Interactible/Interfaces/IHitable.cs using Guid(fb3bc7a3b02948c41aee7d25a4ec666d) Importer(815301076,1909f56bfc062723c751e8b465ee728b)  -> (artifact id: 'e1f892accc10d84ed5bbcc6249f49b20') in 0.001839 seconds
  Import took 0.005708 seconds .

========================================================================
Received Import Request.
  Time since last request: 58.793083 seconds.
  path: Assets/Scripts/Interactible/Interfaces/IHittable.cs
  artifactKey: Guid(fb3bc7a3b02948c41aee7d25a4ec666d) Importer(815301076,1909f56bfc062723c751e8b465ee728b)
Start importing Assets/Scripts/Interactible/Interfaces/IHittable.cs using Guid(fb3bc7a3b02948c41aee7d25a4ec666d) Importer(815301076,1909f56bfc062723c751e8b465ee728b)  -> (artifact id: 'e384a515a7ef969752821128f05560fd') in 0.003605 seconds
  Import took 0.009863 seconds .

========================================================================
Received Prepare
Registering precompiled user dll's ...
Registered in 0.001065 seconds.
Begin MonoManager ReloadAssembly
Native extension for WindowsStandalone target not found
Refreshing native plugins compatible for Editor in 0.40 ms, found 1 plugins.
Preloading 0 native plugins for Editor in 0.00 ms.
Mono: successfully reloaded assembly
- Completed reload, in  0.814 seconds
Platform modules already initialized, skipping
Refreshing native plugins compatible for Editor in 0.39 ms, found 1 plugins.
Preloading 0 native plugins for Editor in 0.00 ms.
Unloading 2252 Unused Serialized files (Serialized files now loaded: 0)
System memory in use before: 103.4 MB.
System memory in use after: 103.6 MB.

Unloading 10 unused Assets to reduce memory usage. Loaded Objects now: 2742.
Total: 2.004200 ms (FindLiveObjects: 0.239900 ms CreateObjectMapping: 0.114000 ms MarkObjects: 1.634800 ms  DeleteObjects: 0.014700 ms)

========================================================================
Received Prepare
Registering precompiled user dll's ...
Registered in 0.000959 seconds.
Begin MonoManager ReloadAssembly
Native extension for WindowsStandalone target not found
Refreshing native plugins compatible for Editor in 0.38 ms, found 1 plugins.
Preloading 0 native plugins for Editor in 0.00 ms.
Mono: successfully reloaded assembly
- Completed reload, in  0.811 seconds
Platform modules already initialized, skipping
Refreshing native plugins compatible for Editor in 0.39 ms, found 1 plugins.
Preloading 0 native plugins for Editor in 0.00 ms.
Unloading 2252 Unused Serialized files (Serialized files now loaded: 0)
System memory in use before: 103.4 MB.
System memory in use after: 103.6 MB.

Unloading 10 unused Assets to reduce memory usage. Loaded Objects now: 2745.
Total: 2.356300 ms (FindLiveObjects: 0.359700 ms CreateObjectMapping: 0.191000 ms MarkObjects: 1.790100 ms  DeleteObjects: 0.014500 ms)

========================================================================
Received Import Request.
  Time since last request: 725.191058 seconds.
  path: Assets/Scripts/Enemy/EnemyAnimation.cs
  artifactKey: Guid(6185b2ef9bb43344db5ab3e3b2570615) Importer(815301076,1909f56bfc062723c751e8b465ee728b)
Start importing Assets/Scripts/Enemy/EnemyAnimation.cs using Guid(6185b2ef9bb43344db5ab3e3b2570615) Importer(815301076,1909f56bfc062723c751e8b465ee728b)  -> (artifact id: '91bba13f7bd5c17e0bbcb202d2eb47f0') in 0.005351 seconds
  Import took 0.009239 seconds .

========================================================================
Received Import Request.
  Time since last request: 0.001139 seconds.
  path: Assets/Scripts/Enemy/EnemyAnimation.cs
  artifactKey: Guid(6185b2ef9bb43344db5ab3e3b2570615) Importer(815301076,1909f56bfc062723c751e8b465ee728b)
Start importing Assets/Scripts/Enemy/EnemyAnimation.cs using Guid(6185b2ef9bb43344db5ab3e3b2570615) Importer(815301076,1909f56bfc062723c751e8b465ee728b)  -> (artifact id: '91bba13f7bd5c17e0bbcb202d2eb47f0') in 0.002264 seconds
  Import took 0.005722 seconds .

========================================================================
Received Prepare
Registering precompiled user dll's ...
Registered in 0.000994 seconds.
Begin MonoManager ReloadAssembly
Native extension for WindowsStandalone target not found
Refreshing native plugins compatible for Editor in 0.73 ms, found 1 plugins.
Preloading 0 native plugins for Editor in 0.00 ms.
Mono: successfully reloaded assembly
- Completed reload, in  0.817 seconds
Platform modules already initialized, skipping
Refreshing native plugins compatible for Editor in 0.39 ms, found 1 plugins.
Preloading 0 native plugins for Editor in 0.00 ms.
Unloading 2252 Unused Serialized files (Serialized files now loaded: 0)
System memory in use before: 103.4 MB.
System memory in use after: 103.6 MB.

Unloading 10 unused Assets to reduce memory usage. Loaded Objects now: 2748.
Total: 2.126400 ms (FindLiveObjects: 0.265800 ms CreateObjectMapping: 0.102400 ms MarkObjects: 1.742500 ms  DeleteObjects: 0.014700 ms)

========================================================================
Received Import Request.
  Time since last request: 104.549849 seconds.
  path: Assets/Scripts/Enemy/EnemyAnimation.cs
  artifactKey: Guid(6185b2ef9bb43344db5ab3e3b2570615) Importer(815301076,1909f56bfc062723c751e8b465ee728b)
Start importing Assets/Scripts/Enemy/EnemyAnimation.cs using Guid(6185b2ef9bb43344db5ab3e3b2570615) Importer(815301076,1909f56bfc062723c751e8b465ee728b)  -> (artifact id: '1659df0a90e790b2e746ebe172fbfcc9') in 0.003838 seconds
  Import took 0.006759 seconds .

========================================================================
Received Prepare
Registering precompiled user dll's ...
Registered in 0.000947 seconds.
Begin MonoManager ReloadAssembly
Native extension for WindowsStandalone target not found
Refreshing native plugins compatible for Editor in 0.46 ms, found 1 plugins.
Preloading 0 native plugins for Editor in 0.00 ms.
Mono: successfully reloaded assembly
- Completed reload, in  0.787 seconds
Platform modules already initialized, skipping
Refreshing native plugins compatible for Editor in 0.47 ms, found 1 plugins.
Preloading 0 native plugins for Editor in 0.00 ms.
Unloading 2252 Unused Serialized files (Serialized files now loaded: 0)
System memory in use before: 103.4 MB.
System memory in use after: 103.6 MB.

Unloading 10 unused Assets to reduce memory usage. Loaded Objects now: 2751.
Total: 2.508500 ms (FindLiveObjects: 0.271900 ms CreateObjectMapping: 0.204200 ms MarkObjects: 2.018500 ms  DeleteObjects: 0.013300 ms)

========================================================================
Received Import Request.
  Time since last request: 51.165368 seconds.
  path: Assets/Scripts/Camera/CinemachineShake.cs
  artifactKey: Guid(611ffc2d6495e3d419ff18876bc6180f) Importer(815301076,1909f56bfc062723c751e8b465ee728b)
Start importing Assets/Scripts/Camera/CinemachineShake.cs using Guid(611ffc2d6495e3d419ff18876bc6180f) Importer(815301076,1909f56bfc062723c751e8b465ee728b)  -> (artifact id: '9dd7949f42ccedc8c7266ae2317d7ed3') in 0.008511 seconds
  Import took 0.011546 seconds .

========================================================================
Received Import Request.
  Time since last request: 0.821591 seconds.
  path: Assets/Scripts/Debug/TimeScaleController.cs
  artifactKey: Guid(06a9b4bdd61ddb94892d790f8f89a14c) Importer(815301076,1909f56bfc062723c751e8b465ee728b)
Start importing Assets/Scripts/Debug/TimeScaleController.cs using Guid(06a9b4bdd61ddb94892d790f8f89a14c) Importer(815301076,1909f56bfc062723c751e8b465ee728b)  -> (artifact id: '478d6ced3e1bf74d6ba0d882a7ddec03') in 0.002124 seconds
  Import took 0.006386 seconds .

========================================================================
Received Import Request.
  Time since last request: 8.890574 seconds.
  path: Assets/Scripts/Debug/TimeScaleController.cs
  artifactKey: Guid(06a9b4bdd61ddb94892d790f8f89a14c) Importer(815301076,1909f56bfc062723c751e8b465ee728b)
Start importing Assets/Scripts/Debug/TimeScaleController.cs using Guid(06a9b4bdd61ddb94892d790f8f89a14c) Importer(815301076,1909f56bfc062723c751e8b465ee728b)  -> (artifact id: '726b9164c99ca7357e506c11ad8a9799') in 0.002202 seconds
  Import took 0.006600 seconds .

========================================================================
Received Prepare
Registering precompiled user dll's ...
Registered in 0.001081 seconds.
Begin MonoManager ReloadAssembly
Native extension for WindowsStandalone target not found
Refreshing native plugins compatible for Editor in 0.37 ms, found 1 plugins.
Preloading 0 native plugins for Editor in 0.00 ms.
Mono: successfully reloaded assembly
- Completed reload, in  0.826 seconds
Platform modules already initialized, skipping
Refreshing native plugins compatible for Editor in 0.38 ms, found 1 plugins.
Preloading 0 native plugins for Editor in 0.00 ms.
Unloading 2252 Unused Serialized files (Serialized files now loaded: 0)
System memory in use before: 103.4 MB.
System memory in use after: 103.6 MB.

Unloading 10 unused Assets to reduce memory usage. Loaded Objects now: 2754.
Total: 2.178600 ms (FindLiveObjects: 0.362700 ms CreateObjectMapping: 0.156900 ms MarkObjects: 1.645100 ms  DeleteObjects: 0.012900 ms)

========================================================================
Received Import Request.
  Time since last request: 7.473777 seconds.
  path: Assets/Scripts/Debug/TimeScaleController.cs
  artifactKey: Guid(06a9b4bdd61ddb94892d790f8f89a14c) Importer(815301076,1909f56bfc062723c751e8b465ee728b)
Start importing Assets/Scripts/Debug/TimeScaleController.cs using Guid(06a9b4bdd61ddb94892d790f8f89a14c) Importer(815301076,1909f56bfc062723c751e8b465ee728b)  -> (artifact id: '9d2f26b3584f58e9b8c4aa0c561563d0') in 0.003797 seconds
  Import took 0.006926 seconds .

========================================================================
Received Import Request.
  Time since last request: 0.099393 seconds.
  path: Assets/Scripts/Enemy/Ground
  artifactKey: Guid(59a99875a0d038e49b1ac00158b46deb) Importer(815301076,1909f56bfc062723c751e8b465ee728b)
Start importing Assets/Scripts/Enemy/Ground using Guid(59a99875a0d038e49b1ac00158b46deb) Importer(815301076,1909f56bfc062723c751e8b465ee728b)  -> (artifact id: '4d70dc82017e5a29dde3e42e4a235574') in 0.006822 seconds
  Import took 0.010167 seconds .

========================================================================
Received Import Request.
  Time since last request: 0.774994 seconds.
  path: Assets/Scripts/Enemy/Ground/GroundEnemyMovementAI.cs
  artifactKey: Guid(b94d706df02b07249bbbc09ea29138d2) Importer(815301076,1909f56bfc062723c751e8b465ee728b)
Start importing Assets/Scripts/Enemy/Ground/GroundEnemyMovementAI.cs using Guid(b94d706df02b07249bbbc09ea29138d2) Importer(815301076,1909f56bfc062723c751e8b465ee728b)  -> (artifact id: 'a03b7bab59fa5e695f2899d86fe0922c') in 0.002155 seconds
  Import took 0.005421 seconds .

========================================================================
Received Import Request.
  Time since last request: 0.023875 seconds.
  path: Assets/Scripts/Enemy/Ground/GroundEnemyMovementAI.cs
  artifactKey: Guid(b94d706df02b07249bbbc09ea29138d2) Importer(815301076,1909f56bfc062723c751e8b465ee728b)
Start importing Assets/Scripts/Enemy/Ground/GroundEnemyMovementAI.cs using Guid(b94d706df02b07249bbbc09ea29138d2) Importer(815301076,1909f56bfc062723c751e8b465ee728b)  -> (artifact id: 'a03b7bab59fa5e695f2899d86fe0922c') in 0.002075 seconds
  Import took 0.005370 seconds .

========================================================================
Received Import Request.
  Time since last request: 65.591899 seconds.
  path: Assets/Scripts/Enemy/Ground/GroundEnemyMovementAI.cs
  artifactKey: Guid(b94d706df02b07249bbbc09ea29138d2) Importer(815301076,1909f56bfc062723c751e8b465ee728b)
Start importing Assets/Scripts/Enemy/Ground/GroundEnemyMovementAI.cs using Guid(b94d706df02b07249bbbc09ea29138d2) Importer(815301076,1909f56bfc062723c751e8b465ee728b)  -> (artifact id: 'c563beb6d7eb0b94d383b9c33fe5290f') in 0.001899 seconds
  Import took 0.005533 seconds .

========================================================================
Received Prepare
Registering precompiled user dll's ...
Registered in 0.000951 seconds.
Begin MonoManager ReloadAssembly
Native extension for WindowsStandalone target not found
Refreshing native plugins compatible for Editor in 0.40 ms, found 1 plugins.
Preloading 0 native plugins for Editor in 0.00 ms.
Mono: successfully reloaded assembly
- Completed reload, in  0.816 seconds
Platform modules already initialized, skipping
Refreshing native plugins compatible for Editor in 0.43 ms, found 1 plugins.
Preloading 0 native plugins for Editor in 0.00 ms.
Unloading 2252 Unused Serialized files (Serialized files now loaded: 0)
System memory in use before: 103.4 MB.
System memory in use after: 103.6 MB.

Unloading 10 unused Assets to reduce memory usage. Loaded Objects now: 2757.
Total: 2.034100 ms (FindLiveObjects: 0.284900 ms CreateObjectMapping: 0.123200 ms MarkObjects: 1.610200 ms  DeleteObjects: 0.014700 ms)

========================================================================
Received Import Request.
  Time since last request: 54.429629 seconds.
  path: Assets/Scripts/Enemy/Ground/GroundEnemyMovementAI.cs
  artifactKey: Guid(b94d706df02b07249bbbc09ea29138d2) Importer(815301076,1909f56bfc062723c751e8b465ee728b)
Start importing Assets/Scripts/Enemy/Ground/GroundEnemyMovementAI.cs using Guid(b94d706df02b07249bbbc09ea29138d2) Importer(815301076,1909f56bfc062723c751e8b465ee728b)  -> (artifact id: '9fdcdc0b199567d594e47ee77e41353a') in 0.003861 seconds
  Import took 0.006823 seconds .

========================================================================
Received Import Request.
  Time since last request: 0.191524 seconds.
  path: Assets/Scripts/Enemy/Interfaces/IEnemyCombat.cs
  artifactKey: Guid(0d1f5551aae74ac4595f81ceec2a3c8d) Importer(815301076,1909f56bfc062723c751e8b465ee728b)
Start importing Assets/Scripts/Enemy/Interfaces/IEnemyCombat.cs using Guid(0d1f5551aae74ac4595f81ceec2a3c8d) Importer(815301076,1909f56bfc062723c751e8b465ee728b)  -> (artifact id: 'd45bdbf9ebee6a09afaac3b445e71429') in 0.002391 seconds
  Import took 0.005356 seconds .

========================================================================
Received Import Request.
  Time since last request: 0.002114 seconds.
  path: Assets/Scripts/Enemy/Interfaces/IEnemyCombat.cs
  artifactKey: Guid(0d1f5551aae74ac4595f81ceec2a3c8d) Importer(815301076,1909f56bfc062723c751e8b465ee728b)
Start importing Assets/Scripts/Enemy/Interfaces/IEnemyCombat.cs using Guid(0d1f5551aae74ac4595f81ceec2a3c8d) Importer(815301076,1909f56bfc062723c751e8b465ee728b)  -> (artifact id: 'd45bdbf9ebee6a09afaac3b445e71429') in 0.002033 seconds
  Import took 0.005513 seconds .

========================================================================
Received Prepare
Registering precompiled user dll's ...
Registered in 0.001005 seconds.
Begin MonoManager ReloadAssembly
Native extension for WindowsStandalone target not found
Refreshing native plugins compatible for Editor in 0.44 ms, found 1 plugins.
Preloading 0 native plugins for Editor in 0.00 ms.
Mono: successfully reloaded assembly
- Completed reload, in  0.794 seconds
Platform modules already initialized, skipping
Refreshing native plugins compatible for Editor in 0.50 ms, found 1 plugins.
Preloading 0 native plugins for Editor in 0.00 ms.
Unloading 2252 Unused Serialized files (Serialized files now loaded: 0)
System memory in use before: 103.4 MB.
System memory in use after: 103.6 MB.

Unloading 10 unused Assets to reduce memory usage. Loaded Objects now: 2760.
Total: 2.522100 ms (FindLiveObjects: 0.280800 ms CreateObjectMapping: 0.139000 ms MarkObjects: 2.084500 ms  DeleteObjects: 0.016700 ms)

========================================================================
Received Import Request.
  Time since last request: 34.514736 seconds.
  path: Assets/Scripts/Enemy/Interfaces/IEnemyCombat.cs
  artifactKey: Guid(0d1f5551aae74ac4595f81ceec2a3c8d) Importer(815301076,1909f56bfc062723c751e8b465ee728b)
Start importing Assets/Scripts/Enemy/Interfaces/IEnemyCombat.cs using Guid(0d1f5551aae74ac4595f81ceec2a3c8d) Importer(815301076,1909f56bfc062723c751e8b465ee728b)  -> (artifact id: '4195d932710ebc2f99ad1e87c1192476') in 0.004617 seconds
  Import took 0.008535 seconds .

========================================================================
Received Import Request.
  Time since last request: 0.000216 seconds.
  path: Assets/Scripts/Enemy/Interfaces/IEnemyMovement.cs
  artifactKey: Guid(fced43ed7119c9542a5a38b1ee671ce5) Importer(815301076,1909f56bfc062723c751e8b465ee728b)
Start importing Assets/Scripts/Enemy/Interfaces/IEnemyMovement.cs using Guid(fced43ed7119c9542a5a38b1ee671ce5) Importer(815301076,1909f56bfc062723c751e8b465ee728b)  -> (artifact id: '026c5922c28e0e9467195c6e385606b7') in 0.002096 seconds
  Import took 0.005369 seconds .

========================================================================
Received Import Request.
  Time since last request: 0.014862 seconds.
  path: Assets/Scripts/Enemy/Interfaces/IEnemyMovement.cs
  artifactKey: Guid(fced43ed7119c9542a5a38b1ee671ce5) Importer(815301076,1909f56bfc062723c751e8b465ee728b)
Start importing Assets/Scripts/Enemy/Interfaces/IEnemyMovement.cs using Guid(fced43ed7119c9542a5a38b1ee671ce5) Importer(815301076,1909f56bfc062723c751e8b465ee728b)  -> (artifact id: '026c5922c28e0e9467195c6e385606b7') in 0.002298 seconds
  Import took 0.006201 seconds .

========================================================================
Received Prepare
Registering precompiled user dll's ...
Registered in 0.001018 seconds.
Begin MonoManager ReloadAssembly
Native extension for WindowsStandalone target not found
Refreshing native plugins compatible for Editor in 0.39 ms, found 1 plugins.
Preloading 0 native plugins for Editor in 0.00 ms.
Mono: successfully reloaded assembly
- Completed reload, in  0.795 seconds
Platform modules already initialized, skipping
Refreshing native plugins compatible for Editor in 0.38 ms, found 1 plugins.
Preloading 0 native plugins for Editor in 0.00 ms.
Unloading 2252 Unused Serialized files (Serialized files now loaded: 0)
System memory in use before: 103.5 MB.
System memory in use after: 103.7 MB.

Unloading 10 unused Assets to reduce memory usage. Loaded Objects now: 2763.
Total: 1.951100 ms (FindLiveObjects: 0.253300 ms CreateObjectMapping: 0.133000 ms MarkObjects: 1.549600 ms  DeleteObjects: 0.014200 ms)

========================================================================
Received Import Request.
  Time since last request: 17.203262 seconds.
  path: Assets/Scripts/Enemy/Interfaces/IEnemyMovement.cs
  artifactKey: Guid(fced43ed7119c9542a5a38b1ee671ce5) Importer(815301076,1909f56bfc062723c751e8b465ee728b)
Start importing Assets/Scripts/Enemy/Interfaces/IEnemyMovement.cs using Guid(fced43ed7119c9542a5a38b1ee671ce5) Importer(815301076,1909f56bfc062723c751e8b465ee728b)  -> (artifact id: '51ae4381b8af757dc42235f905688219') in 0.004420 seconds
  Import took 0.007288 seconds .

========================================================================
Received Prepare
Registering precompiled user dll's ...
Registered in 0.001031 seconds.
Begin MonoManager ReloadAssembly
Native extension for WindowsStandalone target not found
Refreshing native plugins compatible for Editor in 0.41 ms, found 1 plugins.
Preloading 0 native plugins for Editor in 0.00 ms.
Mono: successfully reloaded assembly
- Completed reload, in  0.899 seconds
Platform modules already initialized, skipping
Refreshing native plugins compatible for Editor in 0.41 ms, found 1 plugins.
Preloading 0 native plugins for Editor in 0.00 ms.
Unloading 2252 Unused Serialized files (Serialized files now loaded: 0)
System memory in use before: 103.6 MB.
System memory in use after: 103.8 MB.

Unloading 10 unused Assets to reduce memory usage. Loaded Objects now: 2766.
Total: 2.448100 ms (FindLiveObjects: 0.261700 ms CreateObjectMapping: 0.121200 ms MarkObjects: 2.048000 ms  DeleteObjects: 0.016200 ms)

========================================================================
Received Import Request.
  Time since last request: 9.665008 seconds.
  path: Assets/Scripts/Enemy/Lists/EnemyCombatStyles.cs
  artifactKey: Guid(7ccf90453515bac49a56be6fe38f61ae) Importer(815301076,1909f56bfc062723c751e8b465ee728b)
Start importing Assets/Scripts/Enemy/Lists/EnemyCombatStyles.cs using Guid(7ccf90453515bac49a56be6fe38f61ae) Importer(815301076,1909f56bfc062723c751e8b465ee728b)  -> (artifact id: '5cd34465a2c09bb26c2dcd1144ad0f9e') in 0.004259 seconds
  Import took 0.007626 seconds .

========================================================================
Received Import Request.
  Time since last request: 0.000183 seconds.
  path: Assets/Scripts/Enemy/Lists/EnemyAnimationNames.cs
  artifactKey: Guid(227598bda49fc9e4688ba3585d32e019) Importer(815301076,1909f56bfc062723c751e8b465ee728b)
Start importing Assets/Scripts/Enemy/Lists/EnemyAnimationNames.cs using Guid(227598bda49fc9e4688ba3585d32e019) Importer(815301076,1909f56bfc062723c751e8b465ee728b)  -> (artifact id: 'f63a491c067da208fe637d19f343f5af') in 0.001908 seconds
  Import took 0.004886 seconds .

========================================================================
Received Prepare
Registering precompiled user dll's ...
Registered in 0.000985 seconds.
Begin MonoManager ReloadAssembly
Native extension for WindowsStandalone target not found
Refreshing native plugins compatible for Editor in 0.38 ms, found 1 plugins.
Preloading 0 native plugins for Editor in 0.00 ms.
Mono: successfully reloaded assembly
- Completed reload, in  0.819 seconds
Platform modules already initialized, skipping
Refreshing native plugins compatible for Editor in 0.39 ms, found 1 plugins.
Preloading 0 native plugins for Editor in 0.00 ms.
Unloading 2252 Unused Serialized files (Serialized files now loaded: 0)
System memory in use before: 103.6 MB.
System memory in use after: 103.8 MB.

Unloading 10 unused Assets to reduce memory usage. Loaded Objects now: 2769.
Total: 1.985900 ms (FindLiveObjects: 0.224200 ms CreateObjectMapping: 0.122200 ms MarkObjects: 1.623600 ms  DeleteObjects: 0.014900 ms)

========================================================================
Received Import Request.
  Time since last request: 19.376274 seconds.
  path: Assets/Scripts/Enemy/Lists/EnemyCombatStyles.cs
  artifactKey: Guid(7ccf90453515bac49a56be6fe38f61ae) Importer(815301076,1909f56bfc062723c751e8b465ee728b)
Start importing Assets/Scripts/Enemy/Lists/EnemyCombatStyles.cs using Guid(7ccf90453515bac49a56be6fe38f61ae) Importer(815301076,1909f56bfc062723c751e8b465ee728b)  -> (artifact id: '184d7a5ec24fa86f40fb6bb9a17220da') in 0.005680 seconds
  Import took 0.010375 seconds .

========================================================================
Received Import Request.
  Time since last request: 6.662498 seconds.
  path: Assets/Scripts/Interactible/HitReceiver.cs
  artifactKey: Guid(543e485b3f60be640a5adffd9a3a0740) Importer(815301076,1909f56bfc062723c751e8b465ee728b)
Start importing Assets/Scripts/Interactible/HitReceiver.cs using Guid(543e485b3f60be640a5adffd9a3a0740) Importer(815301076,1909f56bfc062723c751e8b465ee728b)  -> (artifact id: '10c9e1e4363d0e39afaeb6b24d3a9b9b') in 0.002201 seconds
  Import took 0.005679 seconds .

========================================================================
Received Import Request.
  Time since last request: 0.001963 seconds.
  path: Assets/Scripts/Interactible/HitReceiver.cs
  artifactKey: Guid(543e485b3f60be640a5adffd9a3a0740) Importer(815301076,1909f56bfc062723c751e8b465ee728b)
Start importing Assets/Scripts/Interactible/HitReceiver.cs using Guid(543e485b3f60be640a5adffd9a3a0740) Importer(815301076,1909f56bfc062723c751e8b465ee728b)  -> (artifact id: '10c9e1e4363d0e39afaeb6b24d3a9b9b') in 0.002346 seconds
  Import took 0.006737 seconds .

========================================================================
Received Import Request.
  Time since last request: 10.917120 seconds.
  path: Assets/Scripts/Player/PlayerMovement.cs
  artifactKey: Guid(f4dce07173f4b8640b0fb2abb76700a1) Importer(815301076,1909f56bfc062723c751e8b465ee728b)
Start importing Assets/Scripts/Player/PlayerMovement.cs using Guid(f4dce07173f4b8640b0fb2abb76700a1) Importer(815301076,1909f56bfc062723c751e8b465ee728b)  -> (artifact id: 'ca8ac6bc7435db1fb05a2e2500830250') in 0.003174 seconds
  Import took 0.007715 seconds .

========================================================================
Received Import Request.
  Time since last request: 0.024606 seconds.
  path: Assets/Scripts/Player/PlayerMovement.cs
  artifactKey: Guid(f4dce07173f4b8640b0fb2abb76700a1) Importer(815301076,1909f56bfc062723c751e8b465ee728b)
Start importing Assets/Scripts/Player/PlayerMovement.cs using Guid(f4dce07173f4b8640b0fb2abb76700a1) Importer(815301076,1909f56bfc062723c751e8b465ee728b)  -> (artifact id: 'ca8ac6bc7435db1fb05a2e2500830250') in 0.001958 seconds
  Import took 0.005484 seconds .

========================================================================
Received Import Request.
  Time since last request: 3.726420 seconds.
  path: Assets/Scripts/Player/PlayerInputs.cs
  artifactKey: Guid(5ea17fa67dcfbca4b8979ba2d8bc2bf2) Importer(815301076,1909f56bfc062723c751e8b465ee728b)
Start importing Assets/Scripts/Player/PlayerInputs.cs using Guid(5ea17fa67dcfbca4b8979ba2d8bc2bf2) Importer(815301076,1909f56bfc062723c751e8b465ee728b)  -> (artifact id: 'dff301546ea5045c67b3dc61a093b6a3') in 0.003194 seconds
  Import took 0.006975 seconds .

========================================================================
Received Import Request.
  Time since last request: 0.000446 seconds.
  path: Assets/Scripts/Player/PlayerInputs.cs
  artifactKey: Guid(5ea17fa67dcfbca4b8979ba2d8bc2bf2) Importer(815301076,1909f56bfc062723c751e8b465ee728b)
Start importing Assets/Scripts/Player/PlayerInputs.cs using Guid(5ea17fa67dcfbca4b8979ba2d8bc2bf2) Importer(815301076,1909f56bfc062723c751e8b465ee728b)  -> (artifact id: 'dff301546ea5045c67b3dc61a093b6a3') in 0.001857 seconds
  Import took 0.004777 seconds .

========================================================================
Received Import Request.
  Time since last request: 24.077497 seconds.
  path: Assets/Scripts/Player/PlayerHealth.cs
  artifactKey: Guid(04dd75fb7831b1243a2ae6e9d21243b7) Importer(815301076,1909f56bfc062723c751e8b465ee728b)
Start importing Assets/Scripts/Player/PlayerHealth.cs using Guid(04dd75fb7831b1243a2ae6e9d21243b7) Importer(815301076,1909f56bfc062723c751e8b465ee728b)  -> (artifact id: '2cb487e4ca15db2841917f8a92110366') in 0.001788 seconds
  Import took 0.005224 seconds .

========================================================================
Received Import Request.
  Time since last request: 0.001620 seconds.
  path: Assets/Scripts/Player/PlayerHealth.cs
  artifactKey: Guid(04dd75fb7831b1243a2ae6e9d21243b7) Importer(815301076,1909f56bfc062723c751e8b465ee728b)
Start importing Assets/Scripts/Player/PlayerHealth.cs using Guid(04dd75fb7831b1243a2ae6e9d21243b7) Importer(815301076,1909f56bfc062723c751e8b465ee728b)  -> (artifact id: '2cb487e4ca15db2841917f8a92110366') in 0.002334 seconds
  Import took 0.007017 seconds .

========================================================================
Received Import Request.
  Time since last request: 5.982404 seconds.
  path: Assets/Scripts/Player/PlayerController.cs
  artifactKey: Guid(976256ebb5187744da70b606f8a83b77) Importer(815301076,1909f56bfc062723c751e8b465ee728b)
Start importing Assets/Scripts/Player/PlayerController.cs using Guid(976256ebb5187744da70b606f8a83b77) Importer(815301076,1909f56bfc062723c751e8b465ee728b)  -> (artifact id: 'f2cb8f79202e3506d92b5b5aa8ae1d50') in 0.001860 seconds
  Import took 0.005871 seconds .

========================================================================
Received Prepare
Registering precompiled user dll's ...
Registered in 0.000985 seconds.
Begin MonoManager ReloadAssembly
Native extension for WindowsStandalone target not found
Refreshing native plugins compatible for Editor in 0.60 ms, found 1 plugins.
Preloading 0 native plugins for Editor in 0.00 ms.
Mono: successfully reloaded assembly
- Completed reload, in  0.831 seconds
Platform modules already initialized, skipping
Refreshing native plugins compatible for Editor in 0.47 ms, found 1 plugins.
Preloading 0 native plugins for Editor in 0.00 ms.
Unloading 2252 Unused Serialized files (Serialized files now loaded: 0)
System memory in use before: 103.6 MB.
System memory in use after: 103.8 MB.

Unloading 10 unused Assets to reduce memory usage. Loaded Objects now: 2772.
Total: 2.912100 ms (FindLiveObjects: 0.477700 ms CreateObjectMapping: 0.164800 ms MarkObjects: 2.232600 ms  DeleteObjects: 0.035700 ms)

========================================================================
Received Import Request.
  Time since last request: 22.765325 seconds.
  path: Assets/Scripts/Player/PlayerCombat.cs
  artifactKey: Guid(c50bc21692658bc4c9fff9648ae3dce0) Importer(815301076,1909f56bfc062723c751e8b465ee728b)
Start importing Assets/Scripts/Player/PlayerCombat.cs using Guid(c50bc21692658bc4c9fff9648ae3dce0) Importer(815301076,1909f56bfc062723c751e8b465ee728b)  -> (artifact id: '3f1ee938540c0f7a0c41e1ffe6dc2711') in 0.004796 seconds
  Import took 0.008679 seconds .

========================================================================
Received Import Request.
  Time since last request: 0.000278 seconds.
  path: Assets/Scripts/Player/PlayerController.cs
  artifactKey: Guid(976256ebb5187744da70b606f8a83b77) Importer(815301076,1909f56bfc062723c751e8b465ee728b)
Start importing Assets/Scripts/Player/PlayerController.cs using Guid(976256ebb5187744da70b606f8a83b77) Importer(815301076,1909f56bfc062723c751e8b465ee728b)  -> (artifact id: '48ad6c6107e2ff5470f7dd88c21167db') in 0.002246 seconds
  Import took 0.005594 seconds .

========================================================================
Received Import Request.
  Time since last request: 7.221510 seconds.
  path: Assets/Scripts/Player/PlayerCollision.cs
  artifactKey: Guid(e288a84fec3553648b4b232aff6b26d0) Importer(815301076,1909f56bfc062723c751e8b465ee728b)
Start importing Assets/Scripts/Player/PlayerCollision.cs using Guid(e288a84fec3553648b4b232aff6b26d0) Importer(815301076,1909f56bfc062723c751e8b465ee728b)  -> (artifact id: 'de236f4a463fed18ea7e4bc9c2c824d7') in 0.002999 seconds
  Import took 0.006688 seconds .

========================================================================
Received Import Request.
  Time since last request: 5.006733 seconds.
  path: Assets/Scripts/Player/PlayerAnimations.cs
  artifactKey: Guid(fa55b21afd22e9c419ccb7eb59b56d90) Importer(815301076,1909f56bfc062723c751e8b465ee728b)
Start importing Assets/Scripts/Player/PlayerAnimations.cs using Guid(fa55b21afd22e9c419ccb7eb59b56d90) Importer(815301076,1909f56bfc062723c751e8b465ee728b)  -> (artifact id: '7c4b11f53cbc6357c5701880decb8781') in 0.007580 seconds
  Import took 0.011522 seconds .

========================================================================
Received Import Request.
  Time since last request: 0.000418 seconds.
  path: Assets/Scripts/Player/PlayerAnimations.cs
  artifactKey: Guid(fa55b21afd22e9c419ccb7eb59b56d90) Importer(815301076,1909f56bfc062723c751e8b465ee728b)
Start importing Assets/Scripts/Player/PlayerAnimations.cs using Guid(fa55b21afd22e9c419ccb7eb59b56d90) Importer(815301076,1909f56bfc062723c751e8b465ee728b)  -> (artifact id: '7c4b11f53cbc6357c5701880decb8781') in 0.001693 seconds
  Import took 0.005485 seconds .

========================================================================
Received Prepare
Registering precompiled user dll's ...
Registered in 0.001406 seconds.
Begin MonoManager ReloadAssembly
Native extension for WindowsStandalone target not found
Refreshing native plugins compatible for Editor in 0.38 ms, found 1 plugins.
Preloading 0 native plugins for Editor in 0.00 ms.
Mono: successfully reloaded assembly
- Completed reload, in  0.812 seconds
Platform modules already initialized, skipping
Refreshing native plugins compatible for Editor in 0.40 ms, found 1 plugins.
Preloading 0 native plugins for Editor in 0.00 ms.
Unloading 2252 Unused Serialized files (Serialized files now loaded: 0)
System memory in use before: 103.6 MB.
System memory in use after: 103.8 MB.

Unloading 10 unused Assets to reduce memory usage. Loaded Objects now: 2775.
Total: 3.321500 ms (FindLiveObjects: 0.610800 ms CreateObjectMapping: 0.283800 ms MarkObjects: 2.406600 ms  DeleteObjects: 0.018400 ms)

========================================================================
Received Import Request.
  Time since last request: 33.036966 seconds.
  path: Assets/Scripts/Player/PlayerAnimations.cs
  artifactKey: Guid(fa55b21afd22e9c419ccb7eb59b56d90) Importer(815301076,1909f56bfc062723c751e8b465ee728b)
Start importing Assets/Scripts/Player/PlayerAnimations.cs using Guid(fa55b21afd22e9c419ccb7eb59b56d90) Importer(815301076,1909f56bfc062723c751e8b465ee728b)  -> (artifact id: 'a1ed75a767f6e992e007965504dc761d') in 0.004158 seconds
  Import took 0.007649 seconds .

AssetImportWorkerClient::OnTransportError - code=2 error=End of file
