Using pre-set license
Built from '2020.3/staging' branch; Version is '2020.3.6f1 (338bb68529b2) revision 3378102'; Using compiler version '192528614'; Build Type 'Release'
OS: 'Windows 10 Pro; OS build 19042.985; Version 2009; 64bit' Language: 'pt' Physical Memory: 32606 MB
BatchMode: 1, IsHumanControllingUs: 0, StartBugReporterOnCrash: 0, Is64bit: 1, IsPro: 0

 COMMAND LINE ARGUMENTS:
C:\Program Files\Unity\Hub\Editor\2020.3.6f1\Editor\Unity.exe
-adb2
-batchMode
-noUpm
-name
AssetImportWorker0
-projectPath
C:/UEA-EST/Projetos/The-Mark-Of-The-Lifestar
-logFile
Logs/AssetImportWorker0.log
-srvPort
59795
Successfully changed project path to: C:/UEA-EST/Projetos/The-Mark-Of-The-Lifestar
C:/UEA-EST/Projetos/The-Mark-Of-The-Lifestar
Using Asset Import Pipeline V2.
Refreshing native plugins compatible for Editor in 42.11 ms, found 1 plugins.
Preloading 0 native plugins for Editor in 0.00 ms.
Initialize engine version: 2020.3.6f1 (338bb68529b2)
[Subsystems] Discovering subsystems at path C:/Program Files/Unity/Hub/Editor/2020.3.6f1/Editor/Data/Resources/UnitySubsystems
[Subsystems] Discovering subsystems at path C:/UEA-EST/Projetos/The-Mark-Of-The-Lifestar/Assets
GfxDevice: creating device client; threaded=0
Direct3D:
    Version:  Direct3D 11.0 [level 11.1]
    Renderer: NVIDIA GeForce GTX 1650 Ti (ID=0x1f95)
    Vendor:   
    VRAM:     3962 MB
    Driver:   27.21.14.6156
Initialize mono
Mono path[0] = 'C:/Program Files/Unity/Hub/Editor/2020.3.6f1/Editor/Data/Managed'
Mono path[1] = 'C:/Program Files/Unity/Hub/Editor/2020.3.6f1/Editor/Data/MonoBleedingEdge/lib/mono/unityjit'
Mono config path = 'C:/Program Files/Unity/Hub/Editor/2020.3.6f1/Editor/Data/MonoBleedingEdge/etc'
Using monoOptions --debugger-agent=transport=dt_socket,embedding=1,server=y,suspend=n,address=127.0.0.1:56116
Begin MonoManager ReloadAssembly
Registering precompiled unity dll's ...
Register platform support module: C:/Program Files/Unity/Hub/Editor/2020.3.6f1/Editor/Data/PlaybackEngines/WindowsStandaloneSupport/UnityEditor.WindowsStandalone.Extensions.dll
Registered in 0.002148 seconds.
Native extension for WindowsStandalone target not found
Refreshing native plugins compatible for Editor in 56.55 ms, found 1 plugins.
Preloading 0 native plugins for Editor in 0.00 ms.
Mono: successfully reloaded assembly
- Completed reload, in  2.210 seconds
Platform modules already initialized, skipping
Registering precompiled user dll's ...
Registered in 0.001505 seconds.
Begin MonoManager ReloadAssembly
Native extension for WindowsStandalone target not found
Refreshing native plugins compatible for Editor in 50.90 ms, found 1 plugins.
Preloading 0 native plugins for Editor in 0.00 ms.
Mono: successfully reloaded assembly
- Completed reload, in  1.108 seconds
Platform modules already initialized, skipping
========================================================================
Worker process is ready to serve import requests
Launched and connected shader compiler UnityShaderCompiler.exe after 0.05 seconds
Refreshing native plugins compatible for Editor in 0.41 ms, found 1 plugins.
Preloading 0 native plugins for Editor in 0.00 ms.
Unloading 2263 Unused Serialized files (Serialized files now loaded: 0)
System memory in use before: 100.5 MB.
System memory in use after: 100.6 MB.

Unloading 22 unused Assets to reduce memory usage. Loaded Objects now: 2712.
Total: 2.774100 ms (FindLiveObjects: 0.538700 ms CreateObjectMapping: 0.283700 ms MarkObjects: 1.884500 ms  DeleteObjects: 0.065600 ms)

========================================================================
Received Import Request.
  path: Assets/Scripts/Enemy/EnemyBasicMeleeCombat.cs
  artifactKey: Guid(45bee520c686bf647a6f5d0be456c063) Importer(815301076,1909f56bfc062723c751e8b465ee728b)
Start importing Assets/Scripts/Enemy/EnemyBasicMeleeCombat.cs using Guid(45bee520c686bf647a6f5d0be456c063) Importer(815301076,1909f56bfc062723c751e8b465ee728b)  -> (artifact id: 'a26ce81a384fc984c3c6b19854789255') in 0.027703 seconds
  Import took 0.031112 seconds .

========================================================================
Received Import Request.
  Time since last request: 20.948199 seconds.
  path: Assets/Scripts/Enemy/EnemySense.cs
  artifactKey: Guid(e32e56a704d21914fa9834268caf35c4) Importer(815301076,1909f56bfc062723c751e8b465ee728b)
Start importing Assets/Scripts/Enemy/EnemySense.cs using Guid(e32e56a704d21914fa9834268caf35c4) Importer(815301076,1909f56bfc062723c751e8b465ee728b)  -> (artifact id: '264fdc5016a73e3e41ecc32771de9bda') in 0.008921 seconds
  Import took 0.017798 seconds .

========================================================================
Received Prepare
Registering precompiled user dll's ...
Registered in 0.001062 seconds.
Begin MonoManager ReloadAssembly
Native extension for WindowsStandalone target not found
Refreshing native plugins compatible for Editor in 0.52 ms, found 1 plugins.
Preloading 0 native plugins for Editor in 0.00 ms.
Mono: successfully reloaded assembly
- Completed reload, in  0.942 seconds
Platform modules already initialized, skipping
Refreshing native plugins compatible for Editor in 0.42 ms, found 1 plugins.
Preloading 0 native plugins for Editor in 0.00 ms.
Unloading 2252 Unused Serialized files (Serialized files now loaded: 0)
System memory in use before: 100.1 MB.
System memory in use after: 100.3 MB.

Unloading 10 unused Assets to reduce memory usage. Loaded Objects now: 2715.
Total: 2.372600 ms (FindLiveObjects: 0.335900 ms CreateObjectMapping: 0.170900 ms MarkObjects: 1.847300 ms  DeleteObjects: 0.017600 ms)

========================================================================
Received Import Request.
  Time since last request: 70.872699 seconds.
  path: Assets/Scripts/Enemy/EnemySense.cs
  artifactKey: Guid(e32e56a704d21914fa9834268caf35c4) Importer(815301076,1909f56bfc062723c751e8b465ee728b)
Start importing Assets/Scripts/Enemy/EnemySense.cs using Guid(e32e56a704d21914fa9834268caf35c4) Importer(815301076,1909f56bfc062723c751e8b465ee728b)  -> (artifact id: '81129e396514aa3b72e27fcea6d9f697') in 0.006291 seconds
  Import took 0.016355 seconds .

========================================================================
Received Import Request.
  Time since last request: 53.362039 seconds.
  path: Assets/Scripts/Enemy/EnemySense.cs
  artifactKey: Guid(e32e56a704d21914fa9834268caf35c4) Importer(815301076,1909f56bfc062723c751e8b465ee728b)
Start importing Assets/Scripts/Enemy/EnemySense.cs using Guid(e32e56a704d21914fa9834268caf35c4) Importer(815301076,1909f56bfc062723c751e8b465ee728b)  -> (artifact id: 'e462be62cabf5aeda71bf0e4375c5b1d') in 0.002364 seconds
  Import took 0.006382 seconds .

========================================================================
Received Prepare
Registering precompiled user dll's ...
Registered in 0.001122 seconds.
Begin MonoManager ReloadAssembly
Native extension for WindowsStandalone target not found
Refreshing native plugins compatible for Editor in 0.40 ms, found 1 plugins.
Preloading 0 native plugins for Editor in 0.00 ms.
Mono: successfully reloaded assembly
- Completed reload, in  1.004 seconds
Platform modules already initialized, skipping
Refreshing native plugins compatible for Editor in 0.42 ms, found 1 plugins.
Preloading 0 native plugins for Editor in 0.00 ms.
Unloading 2252 Unused Serialized files (Serialized files now loaded: 0)
System memory in use before: 100.3 MB.
System memory in use after: 100.4 MB.

Unloading 10 unused Assets to reduce memory usage. Loaded Objects now: 2718.
Total: 2.613500 ms (FindLiveObjects: 0.362900 ms CreateObjectMapping: 0.139500 ms MarkObjects: 2.086300 ms  DeleteObjects: 0.024000 ms)

========================================================================
Received Import Request.
  Time since last request: 30.738121 seconds.
  path: Assets/Scripts/Enemy/EnemySense.cs
  artifactKey: Guid(e32e56a704d21914fa9834268caf35c4) Importer(815301076,1909f56bfc062723c751e8b465ee728b)
Start importing Assets/Scripts/Enemy/EnemySense.cs using Guid(e32e56a704d21914fa9834268caf35c4) Importer(815301076,1909f56bfc062723c751e8b465ee728b)  -> (artifact id: '9d76a90fa410803a95a0dcb05c5e904b') in 0.004543 seconds
  Import took 0.008376 seconds .

========================================================================
Received Import Request.
  Time since last request: 14.252601 seconds.
  path: Assets/Scripts/Enemy/EnemySense.cs
  artifactKey: Guid(e32e56a704d21914fa9834268caf35c4) Importer(815301076,1909f56bfc062723c751e8b465ee728b)
Start importing Assets/Scripts/Enemy/EnemySense.cs using Guid(e32e56a704d21914fa9834268caf35c4) Importer(815301076,1909f56bfc062723c751e8b465ee728b)  -> (artifact id: '4d3669a8365cd0288184a9117c1709f6') in 0.002263 seconds
  Import took 0.006893 seconds .

========================================================================
Received Prepare
Registering precompiled user dll's ...
Registered in 0.001835 seconds.
Begin MonoManager ReloadAssembly
Native extension for WindowsStandalone target not found
Refreshing native plugins compatible for Editor in 0.39 ms, found 1 plugins.
Preloading 0 native plugins for Editor in 0.00 ms.
Mono: successfully reloaded assembly
- Completed reload, in  0.836 seconds
Platform modules already initialized, skipping
Refreshing native plugins compatible for Editor in 0.49 ms, found 1 plugins.
Preloading 0 native plugins for Editor in 0.00 ms.
Unloading 2252 Unused Serialized files (Serialized files now loaded: 0)
System memory in use before: 100.3 MB.
System memory in use after: 100.4 MB.

Unloading 10 unused Assets to reduce memory usage. Loaded Objects now: 2721.
Total: 2.234900 ms (FindLiveObjects: 0.247800 ms CreateObjectMapping: 0.124000 ms MarkObjects: 1.844400 ms  DeleteObjects: 0.017400 ms)

========================================================================
Received Import Request.
  Time since last request: 643.014541 seconds.
  path: Assets/Scripts/Enemy/EnemySense.cs
  artifactKey: Guid(e32e56a704d21914fa9834268caf35c4) Importer(815301076,1909f56bfc062723c751e8b465ee728b)
Start importing Assets/Scripts/Enemy/EnemySense.cs using Guid(e32e56a704d21914fa9834268caf35c4) Importer(815301076,1909f56bfc062723c751e8b465ee728b)  -> (artifact id: '34c3ec8078e2a44b7a87781afc00144f') in 0.004702 seconds
  Import took 0.008297 seconds .

========================================================================
Received Import Request.
  Time since last request: 18.223044 seconds.
  path: Assets/Scripts/Enemy/EnemySense.cs
  artifactKey: Guid(e32e56a704d21914fa9834268caf35c4) Importer(815301076,1909f56bfc062723c751e8b465ee728b)
Start importing Assets/Scripts/Enemy/EnemySense.cs using Guid(e32e56a704d21914fa9834268caf35c4) Importer(815301076,1909f56bfc062723c751e8b465ee728b)  -> (artifact id: '3f95b1d81d3f1d9a5fc7837f283b166a') in 0.002032 seconds
  Import took 0.005732 seconds .

========================================================================
Received Prepare
Registering precompiled user dll's ...
Registered in 0.001118 seconds.
Begin MonoManager ReloadAssembly
Native extension for WindowsStandalone target not found
Refreshing native plugins compatible for Editor in 0.40 ms, found 1 plugins.
Preloading 0 native plugins for Editor in 0.00 ms.
Mono: successfully reloaded assembly
- Completed reload, in  0.819 seconds
Platform modules already initialized, skipping
Refreshing native plugins compatible for Editor in 0.38 ms, found 1 plugins.
Preloading 0 native plugins for Editor in 0.00 ms.
Unloading 2252 Unused Serialized files (Serialized files now loaded: 0)
System memory in use before: 100.3 MB.
System memory in use after: 100.4 MB.

Unloading 10 unused Assets to reduce memory usage. Loaded Objects now: 2724.
Total: 1.843200 ms (FindLiveObjects: 0.211900 ms CreateObjectMapping: 0.092200 ms MarkObjects: 1.523600 ms  DeleteObjects: 0.014600 ms)

========================================================================
Received Prepare
Registering precompiled user dll's ...
Registered in 0.001087 seconds.
Begin MonoManager ReloadAssembly
Native extension for WindowsStandalone target not found
Refreshing native plugins compatible for Editor in 0.44 ms, found 1 plugins.
Preloading 0 native plugins for Editor in 0.00 ms.
Mono: successfully reloaded assembly
- Completed reload, in  0.839 seconds
Platform modules already initialized, skipping
Refreshing native plugins compatible for Editor in 0.41 ms, found 1 plugins.
Preloading 0 native plugins for Editor in 0.00 ms.
Unloading 2252 Unused Serialized files (Serialized files now loaded: 0)
System memory in use before: 100.3 MB.
System memory in use after: 100.6 MB.

Unloading 10 unused Assets to reduce memory usage. Loaded Objects now: 2727.
Total: 2.287700 ms (FindLiveObjects: 0.257400 ms CreateObjectMapping: 0.131200 ms MarkObjects: 1.879000 ms  DeleteObjects: 0.018600 ms)

AssetImportWorkerClient::OnTransportError - code=2 error=End of file
